<?xml version="1.0" encoding="UTF-8"?>
<testng-results ignored="0" total="1" passed="1" failed="0" skipped="0">
  <reporter-output>
  </reporter-output>
  <suite started-at="2024-07-31T13:56:52 ART" name="Default suite" finished-at="2024-07-31T13:57:28 ART" duration-ms="35515">
    <groups>
    </groups>
    <test started-at="2024-07-31T13:56:52 ART" name="Default test" finished-at="2024-07-31T13:57:28 ART" duration-ms="35515">
      <class name="com.demoqa.test.gui.elements.textBoxTest">
        <test-method is-config="true" signature="setUp()[pri:0, instance:com.demoqa.test.gui.elements.textBoxTest@61df66b6]" started-at="2024-07-31T13:56:52 ART" name="setUp" finished-at="2024-07-31T13:57:27 ART" duration-ms="34732" status="PASS">
          <reporter-output>
          </reporter-output>
        </test-method> <!-- setUp -->
        <test-method signature="submitForm()[pri:0, instance:com.demoqa.test.gui.elements.textBoxTest@61df66b6]" started-at="2024-07-31T13:57:27 ART" name="submitForm" finished-at="2024-07-31T13:57:27 ART" duration-ms="562" status="PASS">
          <reporter-output>
          </reporter-output>
        </test-method> <!-- submitForm -->
        <test-method is-config="true" signature="tearDown()[pri:0, instance:com.demoqa.test.gui.elements.textBoxTest@61df66b6]" started-at="2024-07-31T13:57:27 ART" name="tearDown" finished-at="2024-07-31T13:57:28 ART" duration-ms="185" status="PASS">
          <reporter-output>
          </reporter-output>
        </test-method> <!-- tearDown -->
      </class> <!-- com.demoqa.test.gui.elements.textBoxTest -->
    </test> <!-- Default test -->
  </suite> <!-- Default suite -->
</testng-results>
